============================= test session starts ==============================
platform darwin -- Python 3.12.7, pytest-7.4.2, pluggy-1.0.0
rootdir: /Users/krishnapranayangara/Downloads/LinkDisplay/backend
configfile: pytest.ini
plugins: cov-4.1.0, anyio-4.2.0, flask-1.2.0
collected 74 items

tests/test_api.py ...............................F....F                  [ 50%]
tests/test_error_logging.py ...................                          [ 75%]
tests/test_models.py ..................                                  [100%]

=================================== FAILURES ===================================
________________ TestLinkEndpoints.test_search_links_short_term ________________
tests/test_api.py:449: in test_search_links_short_term
    assert 'short' in data['error'].lower()
E   AssertionError: assert 'short' in 'search term must be at least 2 characters long'
E    +  where 'search term must be at least 2 characters long' = <built-in method lower of str object at 0x1075f1470>()
E    +    where <built-in method lower of str object at 0x1075f1470> = 'Search term must be at least 2 characters long'.lower
________________ TestErrorHandling.test_400_error_missing_body _________________
tests/test_api.py:503: in test_400_error_missing_body
    assert response.status_code == 400
E   assert 500 == 400
E    +  where 500 = <WrapperTestResponse 160 bytes [500 INTERNAL SERVER ERROR]>.status_code
=========================== short test summary info ============================
FAILED tests/test_api.py::TestLinkEndpoints::test_search_links_short_term - A...
FAILED tests/test_api.py::TestErrorHandling::test_400_error_missing_body - as...
================== 2 failed, 72 passed, 149 warnings in 3.89s ==================
