============================= test session starts ==============================
platform darwin -- Python 3.12.7, pytest-7.4.2, pluggy-1.0.0
rootdir: /Users/krishnapranayangara/Downloads/LinkDisplay/backend
configfile: pytest.ini
plugins: cov-4.1.0, anyio-4.2.0, flask-1.2.0
collected 74 items / 73 deselected / 1 selected

tests/test_api.py F                                                      [100%]

=================================== FAILURES ===================================
________________ TestErrorHandling.test_400_error_missing_body _________________
tests/test_api.py:503: in test_400_error_missing_body
    assert response.status_code == 400
E   assert 500 == 400
E    +  where 500 = <WrapperTestResponse 126 bytes [500 INTERNAL SERVER ERROR]>.status_code
----------------------------- Captured stdout call -----------------------------
Error in request logging: 400 Bad Request: Failed to decode JSON object: Expecting value: line 1 column 1 (char 0)
=========================== short test summary info ============================
FAILED tests/test_api.py::TestErrorHandling::test_400_error_missing_body - as...
================ 1 failed, 73 deselected, 19 warnings in 0.07s =================
